<?xml version="1.0" encoding="UTF-8"?>
<testng-results skipped="0" failed="0" ignored="0" total="1" passed="1">
  <reporter-output>
    <line>
      <![CDATA[Currency type sent from Excel is Euro (€)]]>
    </line>
    <line>
      <![CDATA[Broker sent from Excel is Alsford Page & Gems Limited]]>
    </line>
    <line>
      <![CDATA[Broker User sent from Excel is  Andrew Rowe]]>
    </line>
    <line>
      <![CDATA[Introducer name sent from Excel is  TLC Estate Agents]]>
    </line>
    <line>
      <![CDATA[Title sent from Excel is  Mr]]>
    </line>
    <line>
      <![CDATA[PloicyHolder name sent from Excel is  Jefry]]>
    </line>
    <line>
      <![CDATA[PloicyHolder Surname sent from Excel is  boycott]]>
    </line>
    <line>
      <![CDATA[PloicyHolder mobile number sent from Excel is  9836987656129]]>
    </line>
    <line>
      <![CDATA[PloicyHolder email id sent from Excel is  adam@yo
pmail.com]]>
    </line>
    <line>
      <![CDATA[PloicyHolder gender sent from Excel is  Male]]>
    </line>
    <line>
      <![CDATA[PloicyHolder country sent from Excel is  UNITED KINGDOM]]>
    </line>
    <line>
      <![CDATA[PloicyHolder postcode sent from Excel is  ST74PH]]>
    </line>
    <line>
      <![CDATA[PloicyHolder address sent from Excel is  5 Derwent Crescent, Kidsgrove, Stoke-On-Trent]]>
    </line>
    <line>
      <![CDATA[PloicyHolder marrital status  sent from Excel is  Married]]>
    </line>
    <line>
      <![CDATA[PloicyHolder Date of Birth sent from Excel is  20/05/1990]]>
    </line>
    <line>
      <![CDATA[PloicyHolder Employment Status sent from Excel is  Self Employed]]>
    </line>
    <line>
      <![CDATA[PloicyHolder Current insurer name sent from Excel is  Aviva]]>
    </line>
    <line>
      <![CDATA[PloicyHolder's Expiring Premium sent from Excel is  10000]]>
    </line>
    <line>
      <![CDATA[PloicyHolder's Target Premium sent from Excel is  10000]]>
    </line>
    <line>
      <![CDATA[PloicyHolder's Target Insurer sent from Excel is  AIG]]>
    </line>
    <line>
      <![CDATA[PloicyHolder's Property Type sent from Excel is  Bungalow - semi-detached]]>
    </line>
    <line>
      <![CDATA[Has the home previously suffered any damage as a result of subsidence, landslip, heave, structural movement?  Home never suffered any damage]]>
    </line>
    <line>
      <![CDATA[Is the home the client’s main residence ?  Main UK residence]]>
    </line>
    <line>
      <![CDATA[Who occupies the home and its outbuildings ?  Family and domestic employees]]>
    </line>
    <line>
      <![CDATA[Are the home or any outbuildings used for business or professional purposes ?   Admin only, no visitors]]>
    </line>
    <line>
      <![CDATA[Intruder alarm    Remote monitoring (ARC)]]>
    </line>
    <line>
      <![CDATA[Fire alarm    Integrated with intruder alarm]]>
    </line>
    <line>
      <![CDATA[Buildings Sum Assured amount    150000.0]]>
    </line>
    <line>
      <![CDATA[Buildings Sum Assured amount     150000.0]]>
    </line>
    <line>
      <![CDATA[Fineart unspecified amount     12500.0]]>
    </line>
    <line>
      <![CDATA[Currency type sent from Excel is USD ($)]]>
    </line>
    <line>
      <![CDATA[Broker sent from Excel is Alsford Page & Gems Limited]]>
    </line>
    <line>
      <![CDATA[Broker User sent from Excel is  Andrew Rowe]]>
    </line>
    <line>
      <![CDATA[Introducer name sent from Excel is  Guardian Wealth Management]]>
    </line>
    <line>
      <![CDATA[Title sent from Excel is  Mrs]]>
    </line>
    <line>
      <![CDATA[PloicyHolder name sent from Excel is  Glen]]>
    </line>
    <line>
      <![CDATA[PloicyHolder Surname sent from Excel is  Mcgrath]]>
    </line>
    <line>
      <![CDATA[PloicyHolder mobile number sent from Excel is  7278123654]]>
    </line>
    <line>
      <![CDATA[PloicyHolder email id sent from Excel is  rose@yopmail.com]]>
    </line>
    <line>
      <![CDATA[PloicyHolder gender sent from Excel is  Female]]>
    </line>
    <line>
      <![CDATA[PloicyHolder country sent from Excel is  UNITED KINGDOM]]>
    </line>
    <line>
      <![CDATA[PloicyHolder postcode sent from Excel is  ST74PH]]>
    </line>
    <line>
      <![CDATA[PloicyHolder address sent from Excel is  4 Derwent Crescent, Kidsgrove, Stoke-On-Trent]]>
    </line>
    <line>
      <![CDATA[PloicyHolder marrital status  sent from Excel is  Single]]>
    </line>
    <line>
      <![CDATA[PloicyHolder Date of Birth sent from Excel is  20/05/1995]]>
    </line>
    <line>
      <![CDATA[PloicyHolder Employment Status sent from Excel is  Financially Assisted]]>
    </line>
    <line>
      <![CDATA[PloicyHolder Current insurer name sent from Excel is  AIG]]>
    </line>
    <line>
      <![CDATA[PloicyHolder's Expiring Premium sent from Excel is  15500.0]]>
    </line>
    <line>
      <![CDATA[PloicyHolder's Target Premium sent from Excel is  15500.0]]>
    </line>
    <line>
      <![CDATA[PloicyHolder's Target Insurer sent from Excel is  Aviva]]>
    </line>
    <line>
      <![CDATA[PloicyHolder's Property Type sent from Excel is  Flat - lower ground floor]]>
    </line>
    <line>
      <![CDATA[Has the home previously suffered any damage as a result of subsidence, landslip, heave, structural movement?  Once damaged in flood]]>
    </line>
    <line>
      <![CDATA[Is the home the client’s main residence ?  Main residence]]>
    </line>
    <line>
      <![CDATA[Who occupies the home and its outbuildings ?  Tenants]]>
    </line>
    <line>
      <![CDATA[Are the home or any outbuildings used for business or professional purposes ?   Admin only, no visitors]]>
    </line>
    <line>
      <![CDATA[Intruder alarm    Audible only]]>
    </line>
    <line>
      <![CDATA[Fire alarm    Audible only]]>
    </line>
    <line>
      <![CDATA[Buildings Sum Assured amount    255000.0]]>
    </line>
    <line>
      <![CDATA[Buildings Sum Assured amount     255000.0]]>
    </line>
    <line>
      <![CDATA[Fineart unspecified amount     25000.0]]>
    </line>
    <line>
      <![CDATA[Currency type sent from Excel is USD ($)]]>
    </line>
    <line>
      <![CDATA[Broker sent from Excel is Alsford Page & Gems Limited]]>
    </line>
    <line>
      <![CDATA[Broker User sent from Excel is  Andrew Rowe]]>
    </line>
    <line>
      <![CDATA[Introducer name sent from Excel is  TLC Estate Agents]]>
    </line>
    <line>
      <![CDATA[PloicyHolder name sent from Excel is  Ricky]]>
    </line>
    <line>
      <![CDATA[PloicyHolder Surname sent from Excel is  Ponting]]>
    </line>
    <line>
      <![CDATA[PloicyHolder mobile number sent from Excel is  8017293466]]>
    </line>
    <line>
      <![CDATA[PloicyHolder email id sent from Excel is  patel@yopmail.com]]>
    </line>
    <line>
      <![CDATA[PloicyHolder gender sent from Excel is  Male]]>
    </line>
    <line>
      <![CDATA[PloicyHolder country sent from Excel is  UNITED KINGDOM]]>
    </line>
    <line>
      <![CDATA[PloicyHolder postcode sent from Excel is  ST74PH]]>
    </line>
    <line>
      <![CDATA[PloicyHolder address sent from Excel is  3 Derwent Crescent, Kidsgrove, Stoke-On-Trent]]>
    </line>
    <line>
      <![CDATA[PloicyHolder marrital status  sent from Excel is  Single]]>
    </line>
    <line>
      <![CDATA[PloicyHolder Date of Birth sent from Excel is  18/05/1998]]>
    </line>
    <line>
      <![CDATA[PloicyHolder Employment Status sent from Excel is  Financially Assisted]]>
    </line>
    <line>
      <![CDATA[PloicyHolder's Property Type sent from Excel is  Bungalow - semi-detached]]>
    </line>
    <line>
      <![CDATA[Has the home previously suffered any damage as a result of subsidence, landslip, heave, structural movement?  Home never suffered any damage]]>
    </line>
    <line>
      <![CDATA[Is the home the client’s main residence ?  Main UK residence]]>
    </line>
    <line>
      <![CDATA[Who occupies the home and its outbuildings ?  Tenants]]>
    </line>
    <line>
      <![CDATA[Are the home or any outbuildings used for business or professional purposes ?   Admin only, no visitors]]>
    </line>
    <line>
      <![CDATA[Intruder alarm    Remote monitoring (ARC)]]>
    </line>
    <line>
      <![CDATA[Fire alarm    Integrated with intruder alarm]]>
    </line>
    <line>
      <![CDATA[Buildings Sum Assured amount    50000.0]]>
    </line>
    <line>
      <![CDATA[Fineart unspecified amount     5000.0]]>
    </line>
  </reporter-output>
  <suite name="Protect" duration-ms="290630" started-at="2018-01-31T14:15:17Z" finished-at="2018-01-31T14:20:08Z">
    <groups>
    </groups>
    <test name="Login Test" duration-ms="290630" started-at="2018-01-31T14:15:17Z" finished-at="2018-01-31T14:20:08Z">
      <class name="testcase.PrivateClient">
        <test-method status="PASS" signature="openbrowser()[pri:0, instance:testcase.PrivateClient@6debcae2]" name="openbrowser" is-config="true" duration-ms="17130" started-at="2018-01-31T19:45:17Z" finished-at="2018-01-31T19:45:34Z">
          <reporter-output>
          </reporter-output>
        </test-method> <!-- openbrowser -->
        <test-method status="PASS" signature="login()[pri:0, instance:testcase.PrivateClient@6debcae2]" name="login" is-config="true" duration-ms="0" started-at="2018-01-31T19:45:34Z" finished-at="2018-01-31T19:45:34Z">
          <reporter-output>
          </reporter-output>
        </test-method> <!-- login -->
        <test-method status="PASS" signature="testClient()[pri:1, instance:testcase.PrivateClient@6debcae2]" name="testClient" duration-ms="273478" started-at="2018-01-31T19:45:34Z" finished-at="2018-01-31T19:50:08Z">
          <reporter-output>
            <line>
              <![CDATA[Currency type sent from Excel is Euro (€)]]>
            </line>
            <line>
              <![CDATA[Broker sent from Excel is Alsford Page & Gems Limited]]>
            </line>
            <line>
              <![CDATA[Broker User sent from Excel is  Andrew Rowe]]>
            </line>
            <line>
              <![CDATA[Introducer name sent from Excel is  TLC Estate Agents]]>
            </line>
            <line>
              <![CDATA[Title sent from Excel is  Mr]]>
            </line>
            <line>
              <![CDATA[PloicyHolder name sent from Excel is  Jefry]]>
            </line>
            <line>
              <![CDATA[PloicyHolder Surname sent from Excel is  boycott]]>
            </line>
            <line>
              <![CDATA[PloicyHolder mobile number sent from Excel is  9836987656129]]>
            </line>
            <line>
              <![CDATA[PloicyHolder email id sent from Excel is  adam@yo
pmail.com]]>
            </line>
            <line>
              <![CDATA[PloicyHolder gender sent from Excel is  Male]]>
            </line>
            <line>
              <![CDATA[PloicyHolder country sent from Excel is  UNITED KINGDOM]]>
            </line>
            <line>
              <![CDATA[PloicyHolder postcode sent from Excel is  ST74PH]]>
            </line>
            <line>
              <![CDATA[PloicyHolder address sent from Excel is  5 Derwent Crescent, Kidsgrove, Stoke-On-Trent]]>
            </line>
            <line>
              <![CDATA[PloicyHolder marrital status  sent from Excel is  Married]]>
            </line>
            <line>
              <![CDATA[PloicyHolder Date of Birth sent from Excel is  20/05/1990]]>
            </line>
            <line>
              <![CDATA[PloicyHolder Employment Status sent from Excel is  Self Employed]]>
            </line>
            <line>
              <![CDATA[PloicyHolder Current insurer name sent from Excel is  Aviva]]>
            </line>
            <line>
              <![CDATA[PloicyHolder's Expiring Premium sent from Excel is  10000]]>
            </line>
            <line>
              <![CDATA[PloicyHolder's Target Premium sent from Excel is  10000]]>
            </line>
            <line>
              <![CDATA[PloicyHolder's Target Insurer sent from Excel is  AIG]]>
            </line>
            <line>
              <![CDATA[PloicyHolder's Property Type sent from Excel is  Bungalow - semi-detached]]>
            </line>
            <line>
              <![CDATA[Has the home previously suffered any damage as a result of subsidence, landslip, heave, structural movement?  Home never suffered any damage]]>
            </line>
            <line>
              <![CDATA[Is the home the client’s main residence ?  Main UK residence]]>
            </line>
            <line>
              <![CDATA[Who occupies the home and its outbuildings ?  Family and domestic employees]]>
            </line>
            <line>
              <![CDATA[Are the home or any outbuildings used for business or professional purposes ?   Admin only, no visitors]]>
            </line>
            <line>
              <![CDATA[Intruder alarm    Remote monitoring (ARC)]]>
            </line>
            <line>
              <![CDATA[Fire alarm    Integrated with intruder alarm]]>
            </line>
            <line>
              <![CDATA[Buildings Sum Assured amount    150000.0]]>
            </line>
            <line>
              <![CDATA[Buildings Sum Assured amount     150000.0]]>
            </line>
            <line>
              <![CDATA[Fineart unspecified amount     12500.0]]>
            </line>
            <line>
              <![CDATA[Currency type sent from Excel is USD ($)]]>
            </line>
            <line>
              <![CDATA[Broker sent from Excel is Alsford Page & Gems Limited]]>
            </line>
            <line>
              <![CDATA[Broker User sent from Excel is  Andrew Rowe]]>
            </line>
            <line>
              <![CDATA[Introducer name sent from Excel is  Guardian Wealth Management]]>
            </line>
            <line>
              <![CDATA[Title sent from Excel is  Mrs]]>
            </line>
            <line>
              <![CDATA[PloicyHolder name sent from Excel is  Glen]]>
            </line>
            <line>
              <![CDATA[PloicyHolder Surname sent from Excel is  Mcgrath]]>
            </line>
            <line>
              <![CDATA[PloicyHolder mobile number sent from Excel is  7278123654]]>
            </line>
            <line>
              <![CDATA[PloicyHolder email id sent from Excel is  rose@yopmail.com]]>
            </line>
            <line>
              <![CDATA[PloicyHolder gender sent from Excel is  Female]]>
            </line>
            <line>
              <![CDATA[PloicyHolder country sent from Excel is  UNITED KINGDOM]]>
            </line>
            <line>
              <![CDATA[PloicyHolder postcode sent from Excel is  ST74PH]]>
            </line>
            <line>
              <![CDATA[PloicyHolder address sent from Excel is  4 Derwent Crescent, Kidsgrove, Stoke-On-Trent]]>
            </line>
            <line>
              <![CDATA[PloicyHolder marrital status  sent from Excel is  Single]]>
            </line>
            <line>
              <![CDATA[PloicyHolder Date of Birth sent from Excel is  20/05/1995]]>
            </line>
            <line>
              <![CDATA[PloicyHolder Employment Status sent from Excel is  Financially Assisted]]>
            </line>
            <line>
              <![CDATA[PloicyHolder Current insurer name sent from Excel is  AIG]]>
            </line>
            <line>
              <![CDATA[PloicyHolder's Expiring Premium sent from Excel is  15500.0]]>
            </line>
            <line>
              <![CDATA[PloicyHolder's Target Premium sent from Excel is  15500.0]]>
            </line>
            <line>
              <![CDATA[PloicyHolder's Target Insurer sent from Excel is  Aviva]]>
            </line>
            <line>
              <![CDATA[PloicyHolder's Property Type sent from Excel is  Flat - lower ground floor]]>
            </line>
            <line>
              <![CDATA[Has the home previously suffered any damage as a result of subsidence, landslip, heave, structural movement?  Once damaged in flood]]>
            </line>
            <line>
              <![CDATA[Is the home the client’s main residence ?  Main residence]]>
            </line>
            <line>
              <![CDATA[Who occupies the home and its outbuildings ?  Tenants]]>
            </line>
            <line>
              <![CDATA[Are the home or any outbuildings used for business or professional purposes ?   Admin only, no visitors]]>
            </line>
            <line>
              <![CDATA[Intruder alarm    Audible only]]>
            </line>
            <line>
              <![CDATA[Fire alarm    Audible only]]>
            </line>
            <line>
              <![CDATA[Buildings Sum Assured amount    255000.0]]>
            </line>
            <line>
              <![CDATA[Buildings Sum Assured amount     255000.0]]>
            </line>
            <line>
              <![CDATA[Fineart unspecified amount     25000.0]]>
            </line>
            <line>
              <![CDATA[Currency type sent from Excel is USD ($)]]>
            </line>
            <line>
              <![CDATA[Broker sent from Excel is Alsford Page & Gems Limited]]>
            </line>
            <line>
              <![CDATA[Broker User sent from Excel is  Andrew Rowe]]>
            </line>
            <line>
              <![CDATA[Introducer name sent from Excel is  TLC Estate Agents]]>
            </line>
            <line>
              <![CDATA[PloicyHolder name sent from Excel is  Ricky]]>
            </line>
            <line>
              <![CDATA[PloicyHolder Surname sent from Excel is  Ponting]]>
            </line>
            <line>
              <![CDATA[PloicyHolder mobile number sent from Excel is  8017293466]]>
            </line>
            <line>
              <![CDATA[PloicyHolder email id sent from Excel is  patel@yopmail.com]]>
            </line>
            <line>
              <![CDATA[PloicyHolder gender sent from Excel is  Male]]>
            </line>
            <line>
              <![CDATA[PloicyHolder country sent from Excel is  UNITED KINGDOM]]>
            </line>
            <line>
              <![CDATA[PloicyHolder postcode sent from Excel is  ST74PH]]>
            </line>
            <line>
              <![CDATA[PloicyHolder address sent from Excel is  3 Derwent Crescent, Kidsgrove, Stoke-On-Trent]]>
            </line>
            <line>
              <![CDATA[PloicyHolder marrital status  sent from Excel is  Single]]>
            </line>
            <line>
              <![CDATA[PloicyHolder Date of Birth sent from Excel is  18/05/1998]]>
            </line>
            <line>
              <![CDATA[PloicyHolder Employment Status sent from Excel is  Financially Assisted]]>
            </line>
            <line>
              <![CDATA[PloicyHolder's Property Type sent from Excel is  Bungalow - semi-detached]]>
            </line>
            <line>
              <![CDATA[Has the home previously suffered any damage as a result of subsidence, landslip, heave, structural movement?  Home never suffered any damage]]>
            </line>
            <line>
              <![CDATA[Is the home the client’s main residence ?  Main UK residence]]>
            </line>
            <line>
              <![CDATA[Who occupies the home and its outbuildings ?  Tenants]]>
            </line>
            <line>
              <![CDATA[Are the home or any outbuildings used for business or professional purposes ?   Admin only, no visitors]]>
            </line>
            <line>
              <![CDATA[Intruder alarm    Remote monitoring (ARC)]]>
            </line>
            <line>
              <![CDATA[Fire alarm    Integrated with intruder alarm]]>
            </line>
            <line>
              <![CDATA[Buildings Sum Assured amount    50000.0]]>
            </line>
            <line>
              <![CDATA[Fineart unspecified amount     5000.0]]>
            </line>
          </reporter-output>
        </test-method> <!-- testClient -->
        <test-method status="PASS" signature="closebrowser()[pri:0, instance:testcase.PrivateClient@6debcae2]" name="closebrowser" is-config="true" duration-ms="0" started-at="2018-01-31T19:50:08Z" finished-at="2018-01-31T19:50:08Z">
          <reporter-output>
          </reporter-output>
        </test-method> <!-- closebrowser -->
      </class> <!-- testcase.PrivateClient -->
    </test> <!-- Login Test -->
  </suite> <!-- Protect -->
</testng-results>
